TN:
SF:scripts/generate_graph.js
FN:33,fetchAndProcessData
FN:69,fetchDataFromGist
FN:85,processGitHubActions
FN:94,filterHourlyData
FN:103,(anonymous_4)
FN:107,(anonymous_5)
FN:122,getTimezoneInfo
FN:146,formatDate
FN:158,formatDateForInput
FN:181,(anonymous_9)
FN:215,(anonymous_10)
FN:251,prepareChartData
FN:264,(anonymous_12)
FN:270,(anonymous_13)
FN:274,(anonymous_14)
FN:284,(anonymous_15)
FN:296,(anonymous_16)
FN:300,(anonymous_17)
FN:352,calculateYAxisRange
FN:380,generateAndSaveHtml
FNF:20
FNH:19
FNDA:2,fetchAndProcessData
FNDA:5,fetchDataFromGist
FNDA:3,processGitHubActions
FNDA:6,filterHourlyData
FNDA:4,(anonymous_4)
FNDA:7,(anonymous_5)
FNDA:6,getTimezoneInfo
FNDA:3,formatDate
FNDA:65,formatDateForInput
FNDA:567,(anonymous_9)
FNDA:0,(anonymous_10)
FNDA:11,prepareChartData
FNDA:22,(anonymous_12)
FNDA:32,(anonymous_13)
FNDA:32,(anonymous_14)
FNDA:32,(anonymous_15)
FNDA:28,(anonymous_16)
FNDA:22,(anonymous_17)
FNDA:13,calculateYAxisRange
FNDA:2,generateAndSaveHtml
DA:1,6
DA:2,6
DA:3,6
DA:4,6
DA:11,6
DA:23,6
DA:34,2
DA:36,2
DA:37,0
DA:41,2
DA:42,2
DA:43,2
DA:46,1
DA:49,1
DA:50,1
DA:53,1
DA:54,1
DA:57,1
DA:60,1
DA:62,1
DA:63,1
DA:64,1
DA:70,5
DA:71,4
DA:72,1
DA:75,3
DA:76,3
DA:77,1
DA:80,2
DA:81,2
DA:86,3
DA:87,1
DA:88,1
DA:89,1
DA:96,6
DA:97,3
DA:99,3
DA:100,3
DA:103,3
DA:104,4
DA:107,3
DA:108,7
DA:109,7
DA:112,7
DA:113,5
DA:114,5
DA:118,3
DA:123,6
DA:124,6
DA:126,6
DA:127,4
DA:129,2
DA:130,2
DA:131,2
DA:133,2
DA:134,2
DA:137,2
DA:138,2
DA:142,6
DA:147,3
DA:148,3
DA:160,65
DA:161,1
DA:166,65
DA:168,65
DA:169,65
DA:180,63
DA:181,63
DA:182,567
DA:183,315
DA:188,63
DA:189,63
DA:190,63
DA:191,63
DA:193,63
DA:194,0
DA:198,0
DA:199,0
DA:202,0
DA:206,0
DA:207,0
DA:208,0
DA:215,0
DA:216,0
DA:217,0
DA:218,0
DA:224,63
DA:227,2
DA:228,2
DA:229,2
DA:230,2
DA:231,2
DA:232,2
DA:234,2
DA:237,0
DA:238,0
DA:239,0
DA:240,0
DA:241,0
DA:242,0
DA:243,0
DA:245,0
DA:253,11
DA:254,1
DA:264,22
DA:265,10
DA:266,10
DA:269,10
DA:270,32
DA:274,32
DA:277,10
DA:278,10
DA:279,10
DA:280,10
DA:281,10
DA:284,10
DA:285,32
DA:286,32
DA:291,10
DA:293,10
DA:296,10
DA:297,28
DA:298,28
DA:300,22
DA:301,10
DA:302,10
DA:306,10
DA:307,10
DA:310,10
DA:311,10
DA:312,10
DA:313,18
DA:314,18
DA:315,18
DA:316,3
DA:317,3
DA:318,3
DA:319,3
DA:327,10
DA:342,10
DA:354,13
DA:355,1
DA:361,12
DA:362,12
DA:363,7
DA:364,5
DA:365,2
DA:366,3
DA:367,2
DA:369,1
DA:372,12
DA:373,12
DA:381,2
DA:382,2
DA:385,2
DA:388,2
DA:389,2
DA:392,2
DA:393,2
DA:394,2
DA:395,2
DA:396,2
DA:398,2
DA:1100,2
DA:1101,2
DA:1102,2
DA:1103,2
DA:1107,6
DA:1108,0
DA:1112,6
LF:170
LH:149
BRDA:36,0,0,0
BRDA:36,0,1,2
BRDA:36,1,0,2
BRDA:36,1,1,2
BRDA:71,2,0,1
BRDA:71,2,1,3
BRDA:76,3,0,1
BRDA:76,3,1,2
BRDA:86,4,0,1
BRDA:86,4,1,2
BRDA:96,5,0,3
BRDA:96,5,1,3
BRDA:96,6,0,6
BRDA:96,6,1,4
BRDA:112,7,0,5
BRDA:112,7,1,2
BRDA:126,8,0,4
BRDA:126,8,1,2
BRDA:127,9,0,2
BRDA:127,9,1,2
BRDA:131,10,0,1
BRDA:131,10,1,1
BRDA:134,11,0,1
BRDA:134,11,1,1
BRDA:138,12,0,2
BRDA:138,12,1,1
BRDA:160,13,0,1
BRDA:160,13,1,64
BRDA:182,14,0,315
BRDA:182,14,1,252
BRDA:193,15,0,0
BRDA:193,15,1,63
BRDA:202,16,0,0
BRDA:202,16,1,0
BRDA:202,17,0,0
BRDA:202,17,1,0
BRDA:216,18,0,0
BRDA:216,18,1,0
BRDA:217,19,0,0
BRDA:217,19,1,0
BRDA:218,20,0,0
BRDA:218,20,1,0
BRDA:251,21,0,11
BRDA:251,22,0,11
BRDA:253,23,0,1
BRDA:253,23,1,10
BRDA:253,24,0,11
BRDA:253,24,1,11
BRDA:272,25,0,30
BRDA:272,25,1,2
BRDA:274,26,0,32
BRDA:274,26,1,30
BRDA:286,27,0,32
BRDA:286,27,1,28
BRDA:291,28,0,0
BRDA:291,28,1,10
BRDA:291,29,0,9
BRDA:291,29,1,1
BRDA:293,30,0,0
BRDA:293,30,1,10
BRDA:298,31,0,28
BRDA:298,31,1,24
BRDA:301,32,0,9
BRDA:301,32,1,1
BRDA:315,33,0,3
BRDA:315,33,1,15
BRDA:354,34,0,1
BRDA:354,34,1,12
BRDA:362,35,0,7
BRDA:362,35,1,5
BRDA:364,36,0,2
BRDA:364,36,1,3
BRDA:366,37,0,2
BRDA:366,37,1,1
BRDA:388,38,0,2
BRDA:388,38,1,0
BRDA:389,39,0,2
BRDA:389,39,1,0
BRDA:1107,40,0,0
BRDA:1107,40,1,6
BRF:80
BRH:63
end_of_record
TN:
SF:scripts/scraper.js
FN:25,(anonymous_0)
FN:36,(anonymous_1)
FN:49,(anonymous_2)
FN:53,(anonymous_3)
FN:68,(anonymous_4)
FN:83,(anonymous_5)
FN:92,(anonymous_6)
FN:101,(anonymous_7)
FN:110,main
FN:133,(anonymous_9)
FNF:10
FNH:6
FNDA:2,(anonymous_0)
FNDA:10,(anonymous_1)
FNDA:3,(anonymous_2)
FNDA:3,(anonymous_3)
FNDA:0,(anonymous_4)
FNDA:1,(anonymous_5)
FNDA:3,(anonymous_6)
FNDA:0,(anonymous_7)
FNDA:0,main
FNDA:0,(anonymous_9)
DA:1,1
DA:2,1
DA:3,1
DA:5,1
DA:7,1
DA:16,1
DA:21,1
DA:25,1
DA:26,2
DA:32,2
DA:33,2
DA:36,1
DA:37,10
DA:38,10
DA:39,9
DA:41,1
DA:42,0
DA:43,0
DA:45,1
DA:49,1
DA:50,3
DA:53,1
DA:54,3
DA:55,3
DA:56,2
DA:58,1
DA:59,1
DA:60,1
DA:61,1
DA:62,1
DA:63,1
DA:64,1
DA:65,1
DA:66,1
DA:67,1
DA:68,0
DA:69,0
DA:70,0
DA:73,1
DA:74,0
DA:76,1
DA:78,2
DA:79,2
DA:83,1
DA:84,1
DA:92,1
DA:93,3
DA:94,3
DA:95,3
DA:101,3
DA:102,3
DA:103,3
DA:105,0
DA:106,0
DA:111,0
DA:114,0
DA:115,0
DA:116,0
DA:117,0
DA:118,0
DA:120,0
DA:121,0
DA:122,0
DA:124,0
DA:125,0
DA:127,0
DA:131,1
DA:132,0
DA:133,0
DA:134,0
DA:135,0
DA:139,1
LF:72
LH:48
BRDA:32,0,0,2
BRDA:32,0,1,0
BRDA:36,1,0,3
BRDA:41,2,0,0
BRDA:41,2,1,1
BRDA:55,3,0,2
BRDA:55,3,1,1
BRDA:55,4,0,3
BRDA:55,4,1,2
BRDA:67,5,0,0
BRDA:67,5,1,1
BRDA:69,6,0,0
BRDA:69,6,1,0
BRDA:69,7,0,0
BRDA:69,7,1,0
BRDA:73,8,0,0
BRDA:73,8,1,1
BRDA:117,9,0,0
BRDA:117,9,1,0
BRDA:117,10,0,0
BRDA:117,10,1,0
BRDA:131,11,0,0
BRDA:131,11,1,1
BRF:23
BRH:10
end_of_record
TN:
SF:scripts/update_gist.js
FN:6,getOctokitInstance
FN:19,updateGist
FN:53,fetchGistData
FN:85,saveGistData
FN:99,generateFiles
FN:158,(anonymous_5)
FN:167,(anonymous_6)
FNF:7
FNH:6
FNDA:2,getOctokitInstance
FNDA:2,updateGist
FNDA:6,fetchGistData
FNDA:3,saveGistData
FNDA:3,generateFiles
FNDA:6,(anonymous_5)
FNDA:0,(anonymous_6)
DA:1,4
DA:2,4
DA:3,4
DA:7,2
DA:8,2
DA:14,4
DA:20,2
DA:21,2
DA:23,2
DA:26,2
DA:29,1
DA:35,1
DA:36,1
DA:38,1
DA:40,1
DA:41,1
DA:42,1
DA:44,0
DA:46,1
DA:54,6
DA:55,1
DA:58,5
DA:62,4
DA:63,0
DA:64,0
DA:66,4
DA:69,4
DA:70,1
DA:74,3
DA:75,3
DA:77,1
DA:78,1
DA:86,3
DA:100,3
DA:102,3
DA:103,1
DA:106,3
DA:158,3
DA:159,6
DA:160,6
DA:161,6
DA:166,4
DA:167,0
DA:168,0
DA:169,0
DA:174,4
LF:46
LH:40
BRDA:41,0,0,1
BRDA:41,0,1,0
BRDA:54,1,0,1
BRDA:54,1,1,5
BRDA:62,2,0,0
BRDA:62,2,1,4
BRDA:62,3,0,4
BRDA:62,3,1,4
BRDA:69,4,0,1
BRDA:69,4,1,3
BRDA:69,5,0,4
BRDA:69,5,1,4
BRDA:75,6,0,3
BRDA:75,6,1,0
BRDA:102,7,0,1
BRDA:102,7,1,2
BRDA:166,8,0,0
BRDA:166,8,1,4
BRF:18
BRH:14
end_of_record
TN:
SF:scripts/update_readme_version.js
FN:7,errorExit
FNF:1
FNH:1
FNDA:2,errorExit
DA:4,3
DA:5,3
DA:8,2
DA:9,2
DA:10,2
DA:12,0
DA:16,3
DA:17,1
DA:20,2
DA:21,2
DA:23,2
DA:24,2
DA:25,2
DA:27,2
DA:28,1
DA:29,1
DA:30,1
DA:32,1
LF:18
LH:17
BRDA:9,0,0,2
BRDA:9,0,1,0
BRDA:9,1,0,2
BRDA:9,1,1,0
BRDA:16,2,0,1
BRDA:16,2,1,2
BRDA:27,3,0,1
BRDA:27,3,1,1
BRF:8
BRH:6
end_of_record
